{"/Users/parkinhoo/testingBasic/App.tsx": {"path":"/Users/parkinhoo/testingBasic/App.tsx","statementMap":{"0":{"start":{"line":13,"column":2},"end":{"line":17,"column":4}},"1":{"start":{"line":22,"column":15},"end":{"line":28,"column":2}}},"fnMap":{"0":{"name":"App","decl":{"start":{"line":12,"column":9},"end":{"line":12,"column":12}},"loc":{"start":{"line":12,"column":28},"end":{"line":18,"column":1}},"line":12}},"branchMap":{},"s":{"0":1,"1":1},"f":{"0":1},"b":{},"_coverageSchema":"1a1c01bbd47fc00a2c39e90264f33305004495a9","hash":"bdbbc1b133ee94a612b64158733abcbe38583d69"}
,"/Users/parkinhoo/testingBasic/src/Greeting.js": {"path":"/Users/parkinhoo/testingBasic/src/Greeting.js","statementMap":{"0":{"start":{"line":4,"column":17},"end":{"line":6,"column":1}},"1":{"start":{"line":5,"column":2},"end":{"line":5,"column":52}}},"fnMap":{"0":{"name":"(anonymous_0)","decl":{"start":{"line":4,"column":17},"end":{"line":4,"column":18}},"loc":{"start":{"line":4,"column":39},"end":{"line":6,"column":1}},"line":4}},"branchMap":{},"s":{"0":3,"1":11},"f":{"0":11},"b":{},"_coverageSchema":"1a1c01bbd47fc00a2c39e90264f33305004495a9","hash":"db7d28bc728caba2675ff11eec65f56f69c795ed"}
,"/Users/parkinhoo/testingBasic/src/Profile.js": {"path":"/Users/parkinhoo/testingBasic/src/Profile.js","statementMap":{"0":{"start":{"line":5,"column":16},"end":{"line":18,"column":1}},"1":{"start":{"line":6,"column":24},"end":{"line":6,"column":54}},"2":{"start":{"line":8,"column":2},"end":{"line":17,"column":4}},"3":{"start":{"line":14,"column":44},"end":{"line":14,"column":60}},"4":{"start":{"line":15,"column":46},"end":{"line":15,"column":64}},"5":{"start":{"line":22,"column":15},"end":{"line":29,"column":2}}},"fnMap":{"0":{"name":"(anonymous_0)","decl":{"start":{"line":5,"column":16},"end":{"line":5,"column":17}},"loc":{"start":{"line":5,"column":38},"end":{"line":18,"column":1}},"line":5},"1":{"name":"(anonymous_1)","decl":{"start":{"line":14,"column":38},"end":{"line":14,"column":39}},"loc":{"start":{"line":14,"column":44},"end":{"line":14,"column":60}},"line":14},"2":{"name":"(anonymous_2)","decl":{"start":{"line":15,"column":40},"end":{"line":15,"column":41}},"loc":{"start":{"line":15,"column":46},"end":{"line":15,"column":64}},"line":15}},"branchMap":{},"s":{"0":2,"1":5,"2":5,"3":1,"4":1,"5":2},"f":{"0":5,"1":1,"2":1},"b":{},"_coverageSchema":"1a1c01bbd47fc00a2c39e90264f33305004495a9","hash":"c2fcaba8a98a7bb26480b1b9bad4f8ba1cbf7bbf"}
}
